<?xml version="1.0" encoding="UTF-8"?>
<!-- Generated by org.testng.reporters.JUnitReportReporter -->
<testsuite hostname="MEDA-SANDEEP" failures="0" tests="1" name="testsresource.TwoTest" time="30.502" errors="0" timestamp="2022-10-13T19:44:50 IST" skipped="0">
  <testcase classname="testsresource.TwoTest" name="test2" time="30.502"/>
  <system-out/>
</testsuite> <!-- testsresource.TwoTest -->
