<?xml version="1.0" encoding="UTF-8"?>
<!-- Generated by org.testng.reporters.JUnitReportReporter -->
<testsuite hostname="MEDA-SANDEEP" failures="0" tests="2" name="testsresource.LoginTest1" time="43.334" errors="0" timestamp="2022-10-13T19:44:50 IST" skipped="0">
  <testcase classname="testsresource.LoginTest1" name="login" time="23.910"/>
  <system-out/>
  <testcase classname="testsresource.LoginTest1" name="login" time="19.424"/>
  <system-out/>
</testsuite> <!-- testsresource.LoginTest1 -->
