<?xml version="1.0" encoding="UTF-8"?>
<!-- Generated by org.testng.reporters.JUnitReportReporter -->
<testsuite hostname="MEDA-SANDEEP" failures="0" tests="1" name="runner.Runner" time="10.913" errors="0" timestamp="2022-10-14T00:05:25 IST" skipped="0">
  <testcase classname="runner.Runner" name="runScenario" time="10.913"/>
  <system-out/>
</testsuite> <!-- runner.Runner -->
