<?xml version="1.0" encoding="UTF-8"?>
<!-- Generated by org.testng.reporters.JUnitReportReporter -->
<testsuite hostname="MEDA-SANDEEP" failures="0" tests="2" name="testsresource.LoginTest" time="35.675" errors="0" timestamp="2022-10-13T00:19:06 IST" skipped="0">
  <testcase classname="testsresource.LoginTest" name="login" time="24.035"/>
  <system-out/>
  <testcase classname="testsresource.LoginTest" name="login" time="11.640"/>
  <system-out/>
</testsuite> <!-- testsresource.LoginTest -->
