<?xml version="1.0" encoding="UTF-8"?>
<!-- Generated by org.testng.reporters.JUnitReportReporter -->
<testsuite hostname="MEDA-SANDEEP" failures="0" tests="1" name="testsresource.TwoTest" time="0.001" errors="0" timestamp="2022-10-12T21:41:19 IST" skipped="0">
  <testcase classname="testsresource.TwoTest" name="test2" time="0.001"/>
  <system-out/>
</testsuite> <!-- testsresource.TwoTest -->
