<?xml version="1.0" encoding="UTF-8"?>
<!-- Generated by org.testng.reporters.JUnitReportReporter -->
<testsuite hostname="MEDA-SANDEEP" failures="0" tests="1" name="testsresource.ThreeTest" time="0.000" errors="0" timestamp="2022-10-12T21:41:19 IST" skipped="0">
  <testcase classname="testsresource.ThreeTest" name="test3" time="0.000"/>
  <system-out/>
</testsuite> <!-- testsresource.ThreeTest -->
