<?xml version="1.0" encoding="UTF-8"?>
<!-- Generated by org.testng.reporters.JUnitReportReporter -->
<testsuite hostname="MEDA-SANDEEP" failures="0" tests="2" name="testsresource.LoginTest" time="49.372" errors="0" timestamp="2022-10-12T21:41:19 IST" skipped="0">
  <testcase classname="testsresource.LoginTest" name="login" time="33.174"/>
  <system-out/>
  <testcase classname="testsresource.LoginTest" name="login" time="16.198"/>
  <system-out/>
</testsuite> <!-- testsresource.LoginTest -->
